\BOOKMARK [0][-]{chapter.1}{Introduction}{}% 1
\BOOKMARK [1][-]{section.1.1}{About the assignment}{chapter.1}% 2
\BOOKMARK [1][-]{section.1.2}{About the customer}{chapter.1}% 3
\BOOKMARK [0][-]{chapter.2}{Project management}{}% 4
\BOOKMARK [1][-]{section.2.1}{Team organization}{chapter.2}% 5
\BOOKMARK [1][-]{section.2.2}{Available resources}{chapter.2}% 6
\BOOKMARK [1][-]{section.2.3}{Work Breakdown Structure}{chapter.2}% 7
\BOOKMARK [1][-]{section.2.4}{Scrum}{chapter.2}% 8
\BOOKMARK [1][-]{section.2.5}{Risk analysis}{chapter.2}% 9
\BOOKMARK [1][-]{section.2.6}{Architecture}{chapter.2}% 10
\BOOKMARK [0][-]{chapter.3}{Testing}{}% 11
\BOOKMARK [0][-]{chapter.4}{Development environment}{}% 12
\BOOKMARK [1][-]{section.4.1}{Development tools and libraries}{chapter.4}% 13
\BOOKMARK [1][-]{section.4.2}{Code management and versioning}{chapter.4}% 14
\BOOKMARK [1][-]{section.4.3}{Documentation}{chapter.4}% 15
\BOOKMARK [1][-]{section.4.4}{Communication}{chapter.4}% 16
\BOOKMARK [0][-]{chapter.5}{Requirement specification}{}% 17
\BOOKMARK [1][-]{section.5.1}{Functional requirements}{chapter.5}% 18
\BOOKMARK [1][-]{section.5.2}{Existing solutions}{chapter.5}% 19
\BOOKMARK [0][-]{chapter.6}{Sprints}{}% 20
\BOOKMARK [1][-]{section.6.1}{`}{chapter.6}% 21
\BOOKMARK [1][-]{section.6.2}{Sprint 2}{chapter.6}% 22
\BOOKMARK [0][-]{section*.91}{Bibliography}{}% 23
\BOOKMARK [0][-]{section*.91}{Appendices}{}% 24
\BOOKMARK [0][-]{appendix.A}{Use cases}{}% 25
